<?xml version="1.0" encoding="UTF-8"?>
<!-- Generated by org.testng.reporters.JUnitReportReporter -->
<testsuite hostname="DESKTOP-MIE8JAS" failures="0" tests="2" name="tests.bookStore.LoginPageTests" time="11.043" errors="0" timestamp="2023-05-11T15:41:01 CEST" skipped="1">
  <testcase classname="tests.bookStore.LoginPageTests" name="loginPositiveWithParametersTest" time="11.043"/>
  <system-out/>
  <testcase classname="tests.bookStore.LoginPageTests" name="loginPositiveTest">
    <skipped/>
  </testcase> <!-- loginPositiveTest -->
  <system-out/>
</testsuite> <!-- tests.bookStore.LoginPageTests -->
